<?xml version="1.0" encoding="UTF-8"?>
<testng-results ignored="0" total="1" passed="1" failed="0" skipped="0">
  <reporter-output>
  </reporter-output>
  <suite started-at="2022-11-15T14:05:11 IST" name="RegressionSuite" finished-at="2022-11-15T14:05:24 IST" duration-ms="12375">
    <groups>
    </groups>
    <test started-at="2022-11-15T14:05:11 IST" name="RegressionTest" finished-at="2022-11-15T14:05:24 IST" duration-ms="12375">
      <class name="com.qa.testLayer.Contact_usPageTest">
        <test-method is-config="true" signature="start()[pri:0, instance:com.qa.testLayer.Contact_usPageTest@2d7275fc]" started-at="2022-11-15T14:05:11 IST" name="start" finished-at="2022-11-15T14:05:11 IST" duration-ms="140" status="PASS">
          <reporter-output>
          </reporter-output>
        </test-method> <!-- start -->
        <test-method is-config="true" signature="setUp(java.lang.String)[pri:0, instance:com.qa.testLayer.Contact_usPageTest@2d7275fc]" started-at="2022-11-15T14:05:11 IST" name="setUp" finished-at="2022-11-15T14:05:16 IST" duration-ms="4885" status="PASS">
          <params>
            <param index="0">
              <value>
                <![CDATA[Edge]]>
              </value>
            </param>
          </params>
          <reporter-output>
          </reporter-output>
        </test-method> <!-- setUp -->
        <test-method signature="verifyContactusPageFunctionality()[pri:0, instance:com.qa.testLayer.Contact_usPageTest@2d7275fc]" started-at="2022-11-15T14:05:16 IST" name="verifyContactusPageFunctionality" finished-at="2022-11-15T14:05:17 IST" duration-ms="935" status="PASS">
          <reporter-output>
          </reporter-output>
        </test-method> <!-- verifyContactusPageFunctionality -->
        <test-method is-config="true" signature="tearDown()[pri:0, instance:com.qa.testLayer.Contact_usPageTest@2d7275fc]" started-at="2022-11-15T14:05:17 IST" name="tearDown" finished-at="2022-11-15T14:05:24 IST" duration-ms="6379" status="PASS">
          <reporter-output>
          </reporter-output>
        </test-method> <!-- tearDown -->
        <test-method is-config="true" signature="stop()[pri:0, instance:com.qa.testLayer.Contact_usPageTest@2d7275fc]" started-at="2022-11-15T14:05:24 IST" name="stop" finished-at="2022-11-15T14:05:24 IST" duration-ms="3" status="PASS">
          <reporter-output>
          </reporter-output>
        </test-method> <!-- stop -->
      </class> <!-- com.qa.testLayer.Contact_usPageTest -->
    </test> <!-- RegressionTest -->
  </suite> <!-- RegressionSuite -->
</testng-results>
