<?xml version="1.0" encoding="UTF-8"?>
<!-- Generated by org.testng.reporters.JUnitXMLReporter -->
<testsuite ignored="0" hostname="LAPTOP-C20A8BSU" failures="0" tests="3" name="RegressionTest" time="59.596" errors="0" timestamp="2022-10-12T09:13:20 IST">
  <testcase classname="com.qa.testLayer.LoginPageTest" name="verifyLoginPageFunctionality" time="0.531"/>
  <testcase classname="com.qa.testLayer.DashboardPageTest" name="verifyDashboardPageFunctionality" time="16.702"/>
  <testcase classname="com.qa.testLayer.ExchangePageTest" name="verifyExchangePageFunctionality" time="13.394"/>
</testsuite> <!-- RegressionTest -->
