<?xml version="1.0" encoding="UTF-8"?>
<!-- Generated by org.testng.reporters.JUnitXMLReporter -->
<testsuite ignored="0" hostname="LAPTOP-C20A8BSU" failures="0" tests="3" name="RegressionTest" time="53.279" errors="0" timestamp="2022-11-04T07:47:03 IST">
  <testcase classname="com.qa.testLayer.ExchangePageTest" name="verifyExchangePageFunctionality" time="13.416"/>
  <testcase classname="com.qa.testLayer.LoginPageTest" name="verifyLoginPageFunctionality" time="0.347"/>
  <testcase classname="com.qa.testLayer.DashboardPageTest" name="verifyDashboardPageFunctionality" time="10.954"/>
</testsuite> <!-- RegressionTest -->
