<?xml version="1.0" encoding="UTF-8"?>
<testng-results ignored="0" total="3" passed="3" failed="0" skipped="0">
  <reporter-output>
  </reporter-output>
  <suite started-at="2022-11-04T07:46:09 IST" name="RegressionSuite" finished-at="2022-11-04T07:47:03 IST" duration-ms="53279">
    <groups>
    </groups>
    <test started-at="2022-11-04T07:46:09 IST" name="RegressionTest" finished-at="2022-11-04T07:47:03 IST" duration-ms="53279">
      <class name="com.qa.testLayer.ExchangePageTest">
        <test-method is-config="true" signature="start()[pri:0, instance:com.qa.testLayer.ExchangePageTest@79e2c065]" started-at="2022-11-04T07:46:09 IST" name="start" finished-at="2022-11-04T07:46:10 IST" duration-ms="107" status="PASS">
          <reporter-output>
          </reporter-output>
        </test-method> <!-- start -->
        <test-method is-config="true" signature="setUp(java.lang.String)[pri:0, instance:com.qa.testLayer.ExchangePageTest@79e2c065]" started-at="2022-11-04T07:46:10 IST" name="setUp" finished-at="2022-11-04T07:46:19 IST" duration-ms="9494" status="PASS">
          <params>
            <param index="0">
              <value>
                <![CDATA[Edge]]>
              </value>
            </param>
          </params>
          <reporter-output>
          </reporter-output>
        </test-method> <!-- setUp -->
        <test-method signature="verifyExchangePageFunctionality()[pri:0, instance:com.qa.testLayer.ExchangePageTest@79e2c065]" started-at="2022-11-04T07:46:19 IST" name="verifyExchangePageFunctionality" finished-at="2022-11-04T07:46:32 IST" duration-ms="13416" status="PASS">
          <reporter-output>
          </reporter-output>
        </test-method> <!-- verifyExchangePageFunctionality -->
        <test-method is-config="true" signature="tearDown()[pri:0, instance:com.qa.testLayer.ExchangePageTest@79e2c065]" started-at="2022-11-04T07:46:32 IST" name="tearDown" finished-at="2022-11-04T07:46:32 IST" duration-ms="1" status="PASS">
          <reporter-output>
          </reporter-output>
        </test-method> <!-- tearDown -->
        <test-method is-config="true" signature="stop()[pri:0, instance:com.qa.testLayer.ExchangePageTest@79e2c065]" started-at="2022-11-04T07:46:32 IST" name="stop" finished-at="2022-11-04T07:46:33 IST" duration-ms="1" status="PASS">
          <reporter-output>
          </reporter-output>
        </test-method> <!-- stop -->
      </class> <!-- com.qa.testLayer.ExchangePageTest -->
      <class name="com.qa.testLayer.LoginPageTest">
        <test-method is-config="true" signature="start()[pri:0, instance:com.qa.testLayer.LoginPageTest@1d2adfbe]" started-at="2022-11-04T07:46:33 IST" name="start" finished-at="2022-11-04T07:46:33 IST" duration-ms="9" status="PASS">
          <reporter-output>
          </reporter-output>
        </test-method> <!-- start -->
        <test-method is-config="true" signature="setUp(java.lang.String)[pri:0, instance:com.qa.testLayer.LoginPageTest@1d2adfbe]" started-at="2022-11-04T07:46:33 IST" name="setUp" finished-at="2022-11-04T07:46:41 IST" duration-ms="8879" status="PASS">
          <params>
            <param index="0">
              <value>
                <![CDATA[Edge]]>
              </value>
            </param>
          </params>
          <reporter-output>
          </reporter-output>
        </test-method> <!-- setUp -->
        <test-method signature="verifyLoginPageFunctionality()[pri:0, instance:com.qa.testLayer.LoginPageTest@1d2adfbe]" started-at="2022-11-04T07:46:41 IST" name="verifyLoginPageFunctionality" finished-at="2022-11-04T07:46:42 IST" duration-ms="347" status="PASS">
          <reporter-output>
          </reporter-output>
        </test-method> <!-- verifyLoginPageFunctionality -->
        <test-method is-config="true" signature="tearDown()[pri:0, instance:com.qa.testLayer.LoginPageTest@1d2adfbe]" started-at="2022-11-04T07:46:42 IST" name="tearDown" finished-at="2022-11-04T07:46:42 IST" duration-ms="1" status="PASS">
          <reporter-output>
          </reporter-output>
        </test-method> <!-- tearDown -->
        <test-method is-config="true" signature="stop()[pri:0, instance:com.qa.testLayer.LoginPageTest@1d2adfbe]" started-at="2022-11-04T07:46:42 IST" name="stop" finished-at="2022-11-04T07:46:42 IST" duration-ms="1" status="PASS">
          <reporter-output>
          </reporter-output>
        </test-method> <!-- stop -->
      </class> <!-- com.qa.testLayer.LoginPageTest -->
      <class name="com.qa.testLayer.DashboardPageTest">
        <test-method is-config="true" signature="start()[pri:0, instance:com.qa.testLayer.DashboardPageTest@36902638]" started-at="2022-11-04T07:46:42 IST" name="start" finished-at="2022-11-04T07:46:42 IST" duration-ms="5" status="PASS">
          <reporter-output>
          </reporter-output>
        </test-method> <!-- start -->
        <test-method is-config="true" signature="setUp(java.lang.String)[pri:0, instance:com.qa.testLayer.DashboardPageTest@36902638]" started-at="2022-11-04T07:46:42 IST" name="setUp" finished-at="2022-11-04T07:46:52 IST" duration-ms="10010" status="PASS">
          <params>
            <param index="0">
              <value>
                <![CDATA[Edge]]>
              </value>
            </param>
          </params>
          <reporter-output>
          </reporter-output>
        </test-method> <!-- setUp -->
        <test-method signature="verifyDashboardPageFunctionality()[pri:0, instance:com.qa.testLayer.DashboardPageTest@36902638]" started-at="2022-11-04T07:46:52 IST" name="verifyDashboardPageFunctionality" finished-at="2022-11-04T07:47:03 IST" duration-ms="10954" status="PASS">
          <reporter-output>
          </reporter-output>
        </test-method> <!-- verifyDashboardPageFunctionality -->
        <test-method is-config="true" signature="tearDown()[pri:0, instance:com.qa.testLayer.DashboardPageTest@36902638]" started-at="2022-11-04T07:47:03 IST" name="tearDown" finished-at="2022-11-04T07:47:03 IST" duration-ms="1" status="PASS">
          <reporter-output>
          </reporter-output>
        </test-method> <!-- tearDown -->
        <test-method is-config="true" signature="stop()[pri:0, instance:com.qa.testLayer.DashboardPageTest@36902638]" started-at="2022-11-04T07:47:03 IST" name="stop" finished-at="2022-11-04T07:47:03 IST" duration-ms="1" status="PASS">
          <reporter-output>
          </reporter-output>
        </test-method> <!-- stop -->
      </class> <!-- com.qa.testLayer.DashboardPageTest -->
    </test> <!-- RegressionTest -->
  </suite> <!-- RegressionSuite -->
</testng-results>
