<?xml version="1.0" encoding="UTF-8"?>
<testng-results ignored="0" total="3" passed="3" failed="0" skipped="0">
  <reporter-output>
  </reporter-output>
  <suite started-at="2022-10-12T09:12:20 IST" name="RegressionSuite" finished-at="2022-10-12T09:13:20 IST" duration-ms="59596">
    <groups>
    </groups>
    <test started-at="2022-10-12T09:12:20 IST" name="RegressionTest" finished-at="2022-10-12T09:13:20 IST" duration-ms="59596">
      <class name="com.qa.testLayer.ExchangePageTest">
        <test-method is-config="true" signature="start()[pri:0, instance:com.qa.testLayer.ExchangePageTest@36902638]" started-at="2022-10-12T09:12:59 IST" name="start" finished-at="2022-10-12T09:12:59 IST" duration-ms="8" status="PASS">
          <reporter-output>
          </reporter-output>
        </test-method> <!-- start -->
        <test-method is-config="true" signature="setUp(java.lang.String)[pri:0, instance:com.qa.testLayer.ExchangePageTest@36902638]" started-at="2022-10-12T09:12:59 IST" name="setUp" finished-at="2022-10-12T09:13:06 IST" duration-ms="7476" status="PASS">
          <params>
            <param index="0">
              <value>
                <![CDATA[Edge]]>
              </value>
            </param>
          </params>
          <reporter-output>
          </reporter-output>
        </test-method> <!-- setUp -->
        <test-method signature="verifyExchangePageFunctionality()[pri:0, instance:com.qa.testLayer.ExchangePageTest@36902638]" started-at="2022-10-12T09:13:06 IST" name="verifyExchangePageFunctionality" finished-at="2022-10-12T09:13:20 IST" duration-ms="13394" status="PASS">
          <reporter-output>
          </reporter-output>
        </test-method> <!-- verifyExchangePageFunctionality -->
        <test-method is-config="true" signature="tearDown()[pri:0, instance:com.qa.testLayer.ExchangePageTest@36902638]" started-at="2022-10-12T09:13:20 IST" name="tearDown" finished-at="2022-10-12T09:13:20 IST" duration-ms="3" status="PASS">
          <reporter-output>
          </reporter-output>
        </test-method> <!-- tearDown -->
        <test-method is-config="true" signature="stop()[pri:0, instance:com.qa.testLayer.ExchangePageTest@36902638]" started-at="2022-10-12T09:13:20 IST" name="stop" finished-at="2022-10-12T09:13:20 IST" duration-ms="1" status="PASS">
          <reporter-output>
          </reporter-output>
        </test-method> <!-- stop -->
      </class> <!-- com.qa.testLayer.ExchangePageTest -->
      <class name="com.qa.testLayer.LoginPageTest">
        <test-method is-config="true" signature="start()[pri:0, instance:com.qa.testLayer.LoginPageTest@79e2c065]" started-at="2022-10-12T09:12:20 IST" name="start" finished-at="2022-10-12T09:12:20 IST" duration-ms="118" status="PASS">
          <reporter-output>
          </reporter-output>
        </test-method> <!-- start -->
        <test-method is-config="true" signature="setUp(java.lang.String)[pri:0, instance:com.qa.testLayer.LoginPageTest@79e2c065]" started-at="2022-10-12T09:12:20 IST" name="setUp" finished-at="2022-10-12T09:12:37 IST" duration-ms="16256" status="PASS">
          <params>
            <param index="0">
              <value>
                <![CDATA[Edge]]>
              </value>
            </param>
          </params>
          <reporter-output>
          </reporter-output>
        </test-method> <!-- setUp -->
        <test-method signature="verifyLoginPageFunctionality()[pri:0, instance:com.qa.testLayer.LoginPageTest@79e2c065]" started-at="2022-10-12T09:12:37 IST" name="verifyLoginPageFunctionality" finished-at="2022-10-12T09:12:37 IST" duration-ms="531" status="PASS">
          <reporter-output>
          </reporter-output>
        </test-method> <!-- verifyLoginPageFunctionality -->
        <test-method is-config="true" signature="tearDown()[pri:0, instance:com.qa.testLayer.LoginPageTest@79e2c065]" started-at="2022-10-12T09:12:37 IST" name="tearDown" finished-at="2022-10-12T09:12:37 IST" duration-ms="2" status="PASS">
          <reporter-output>
          </reporter-output>
        </test-method> <!-- tearDown -->
        <test-method is-config="true" signature="stop()[pri:0, instance:com.qa.testLayer.LoginPageTest@79e2c065]" started-at="2022-10-12T09:12:37 IST" name="stop" finished-at="2022-10-12T09:12:37 IST" duration-ms="1" status="PASS">
          <reporter-output>
          </reporter-output>
        </test-method> <!-- stop -->
      </class> <!-- com.qa.testLayer.LoginPageTest -->
      <class name="com.qa.testLayer.DashboardPageTest">
        <test-method is-config="true" signature="start()[pri:0, instance:com.qa.testLayer.DashboardPageTest@1d2adfbe]" started-at="2022-10-12T09:12:37 IST" name="start" finished-at="2022-10-12T09:12:37 IST" duration-ms="4" status="PASS">
          <reporter-output>
          </reporter-output>
        </test-method> <!-- start -->
        <test-method is-config="true" signature="setUp(java.lang.String)[pri:0, instance:com.qa.testLayer.DashboardPageTest@1d2adfbe]" started-at="2022-10-12T09:12:37 IST" name="setUp" finished-at="2022-10-12T09:12:42 IST" duration-ms="5034" status="PASS">
          <params>
            <param index="0">
              <value>
                <![CDATA[Edge]]>
              </value>
            </param>
          </params>
          <reporter-output>
          </reporter-output>
        </test-method> <!-- setUp -->
        <test-method signature="verifyDashboardPageFunctionality()[pri:0, instance:com.qa.testLayer.DashboardPageTest@1d2adfbe]" started-at="2022-10-12T09:12:42 IST" name="verifyDashboardPageFunctionality" finished-at="2022-10-12T09:12:59 IST" duration-ms="16702" status="PASS">
          <reporter-output>
          </reporter-output>
        </test-method> <!-- verifyDashboardPageFunctionality -->
        <test-method is-config="true" signature="tearDown()[pri:0, instance:com.qa.testLayer.DashboardPageTest@1d2adfbe]" started-at="2022-10-12T09:12:59 IST" name="tearDown" finished-at="2022-10-12T09:12:59 IST" duration-ms="1" status="PASS">
          <reporter-output>
          </reporter-output>
        </test-method> <!-- tearDown -->
        <test-method is-config="true" signature="stop()[pri:0, instance:com.qa.testLayer.DashboardPageTest@1d2adfbe]" started-at="2022-10-12T09:12:59 IST" name="stop" finished-at="2022-10-12T09:12:59 IST" duration-ms="0" status="PASS">
          <reporter-output>
          </reporter-output>
        </test-method> <!-- stop -->
      </class> <!-- com.qa.testLayer.DashboardPageTest -->
    </test> <!-- RegressionTest -->
  </suite> <!-- RegressionSuite -->
</testng-results>
